Start testing: Sep 23 09:28 EEST
----------------------------------------------------------
1/1 Testing: render-smoke
1/1 Test: render-smoke
Command: "/Users/mykytatishkin/Desktop/JAMAL/tests/render-smoke.sh" "/Users/mykytatishkin/Desktop/JAMAL/render-engine/build/jamal-render-engine"
Directory: /Users/mykytatishkin/Desktop/JAMAL/render-engine/build
"render-smoke" start time: Sep 23 09:28 EEST
Output:
----------------------------------------------------------
{"type":"progress","stage":"validation","percent":15,"message":"Validating selected videos."}
{"type":"progress","stage":"model","percent":20,"message":"Loading local human-segmentation model."}
{"type":"progress","stage":"probe","percent":30,"message":"Reading reference-video stream information."}
{"type":"progress","stage":"probe","percent":55,"message":"Reference: 720x1280, 30.000000 fps, 1.200000 seconds."}
{"type":"progress","stage":"probe","percent":100,"message":"Background: 720x1280, 30.000000 fps, 1.200000 seconds."}
{"type":"progress","stage":"render","percent":30,"message":"Rendering outlined cutout frames."}
{"type":"progress","stage":"render","percent":46,"message":"Rendering outlined cutout frames."}
{"type":"progress","stage":"render","percent":63,"message":"Rendering outlined cutout frames."}
{"type":"progress","stage":"render","percent":80,"message":"Rendering outlined cutout frames."}
{"type":"completed","stage":"export","percent":100,"message":"Export completed: /var/folders/zz/1s7hw3y92yv3807clwwg5q_c0000gn/T//jamal-render-test.0dPK1l/export.mp4"}
Render smoke test passed (video and reference audio present).
<end of output>
Test time =  13.96 sec
----------------------------------------------------------
Test Passed.
"render-smoke" end time: Sep 23 09:29 EEST
"render-smoke" time elapsed: 00:00:13
----------------------------------------------------------

End testing: Sep 23 09:29 EEST
